e:\workspaces tcdev github\ao\clicksaver\debug\vc141.pdb
e:\workspaces tcdev github\ao\clicksaver\debug\vc141.idb
e:\workspaces tcdev github\ao\clicksaver\debug\hook.sbr
e:\workspaces tcdev github\ao\clicksaver\debug\hook.obj
e:\workspaces tcdev github\ao\clicksaver\debug\clicksaver.sbr
e:\workspaces tcdev github\ao\clicksaver\debug\guidef.sbr
e:\workspaces tcdev github\ao\clicksaver\debug\localdb.sbr
e:\workspaces tcdev github\ao\clicksaver\debug\mission.sbr
e:\workspaces tcdev github\ao\clicksaver\debug\aodb.sbr
e:\workspaces tcdev github\ao\clicksaver\debug\ctree.sbr
e:\workspaces tcdev github\ao\clicksaver\debug\ctree.obj
e:\workspaces tcdev github\ao\clicksaver\debug\aodb.obj
e:\workspaces tcdev github\ao\clicksaver\debug\mission.obj
e:\workspaces tcdev github\ao\clicksaver\debug\localdb.obj
e:\workspaces tcdev github\ao\clicksaver\debug\guidef.obj
e:\workspaces tcdev github\ao\clicksaver\debug\clicksaver.obj
e:\workspaces tcdev github\ao\clicksaver\debug\clicksaver.res
e:\workspaces tcdev github\ao\clicksaver\debug\clicksaver.vcxprojassemblyreference.cache
e:\workspaces tcdev github\ao\clicksaver\debug\clicksaver.pdb
e:\workspaces tcdev github\ao\clicksaver\debug\detours.pdb
e:\workspaces tcdev github\ao\clicksaver\debug\clicksaver.tlog\cl.command.1.tlog
e:\workspaces tcdev github\ao\clicksaver\debug\clicksaver.tlog\cl.read.1.tlog
e:\workspaces tcdev github\ao\clicksaver\debug\clicksaver.tlog\cl.write.1.tlog
e:\workspaces tcdev github\ao\clicksaver\debug\clicksaver.tlog\link-cvtres.read.1.tlog
e:\workspaces tcdev github\ao\clicksaver\debug\clicksaver.tlog\link-cvtres.write.1.tlog
e:\workspaces tcdev github\ao\clicksaver\debug\clicksaver.tlog\link-rc.read.1.tlog
e:\workspaces tcdev github\ao\clicksaver\debug\clicksaver.tlog\link-rc.write.1.tlog
e:\workspaces tcdev github\ao\clicksaver\debug\clicksaver.tlog\link.command.1.tlog
e:\workspaces tcdev github\ao\clicksaver\debug\clicksaver.tlog\link.read.1.tlog
e:\workspaces tcdev github\ao\clicksaver\debug\clicksaver.tlog\link.write.1.tlog
e:\workspaces tcdev github\ao\clicksaver\debug\clicksaver.tlog\metagen.write.1.tlog
e:\workspaces tcdev github\ao\clicksaver\debug\clicksaver.tlog\rc.command.1.tlog
e:\workspaces tcdev github\ao\clicksaver\debug\clicksaver.tlog\rc.read.1.tlog
e:\workspaces tcdev github\ao\clicksaver\debug\clicksaver.tlog\rc.write.1.tlog
